[2026-07-09 02:22:19] Program started.
[2026-07-09 02:22:19] Processing topic: Why BMW engines sound different in sport mode
[2026-07-09 02:22:23] Saved script: output\Why_BMW_engines_sound_different_in_sport_mode\script.txt
[2026-07-09 02:22:23] Saved metadata: output\Why_BMW_engines_sound_different_in_sport_mode\metadata.json
[2026-07-09 02:22:23] Processing topic: 3 weird facts about crocodiles
[2026-07-09 02:22:25] Saved script: output\3_weird_facts_about_crocodiles\script.txt
[2026-07-09 02:22:25] Saved metadata: output\3_weird_facts_about_crocodiles\metadata.json
[2026-07-09 02:22:25] Processing topic: Why people get tonsil stones
[2026-07-09 02:22:27] Saved script: output\Why_people_get_tonsil_stones\script.txt
[2026-07-09 02:22:27] Saved metadata: output\Why_people_get_tonsil_stones\metadata.json
[2026-07-09 02:22:27] Program finished.
[2026-07-09 02:27:50] Program started.
[2026-07-09 02:27:50] Processing topic: Why BMW engines sound different in sport mode
[2026-07-09 02:27:53] Saved script: output\Why_BMW_engines_sound_different_in_sport_mode\script.txt
[2026-07-09 02:27:53] Saved metadata: output\Why_BMW_engines_sound_different_in_sport_mode\metadata.json
[2026-07-09 02:27:53] Processing topic: 3 weird facts about crocodiles
[2026-07-09 02:27:54] Saved script: output\3_weird_facts_about_crocodiles\script.txt
[2026-07-09 02:27:54] Saved metadata: output\3_weird_facts_about_crocodiles\metadata.json
[2026-07-09 02:27:54] Processing topic: Why people get tonsil stones
[2026-07-09 02:27:56] Saved script: output\Why_people_get_tonsil_stones\script.txt
[2026-07-09 02:27:56] Saved metadata: output\Why_people_get_tonsil_stones\metadata.json
[2026-07-09 02:27:56] Program finished.
[2026-07-09 02:33:26] Program started.
[2026-07-09 02:33:26] Processing topic: Why BMW engines sound different in sport mode
[2026-07-09 02:33:29] Saved script: output\Why_BMW_engines_sound_different_in_sport_mode\script.txt
[2026-07-09 02:33:29] Saved metadata: output\Why_BMW_engines_sound_different_in_sport_mode\metadata.json
[2026-07-09 02:33:29] Program finished.
[2026-07-09 02:37:56] Program started.
[2026-07-09 02:37:56] Processing topic: Why BMW engines sound different in sport mode
[2026-07-09 02:37:59] Saved script: output\Why_BMW_engines_sound_different_in_sport_mode\script.txt
[2026-07-09 02:37:59] Saved metadata: output\Why_BMW_engines_sound_different_in_sport_mode\metadata.json
[2026-07-09 02:37:59] Program finished.
[2026-07-09 02:41:49] Program started.
[2026-07-09 02:41:49] Topics to process: 1
[2026-07-09 02:41:49] Processing topic: Why BMW engines sound different in sport mode
[2026-07-09 02:41:51] Saved script: output\Why_BMW_engines_sound_different_in_sport_mode\script.txt
[2026-07-09 02:41:51] Saved metadata: output\Why_BMW_engines_sound_different_in_sport_mode\metadata.json
[2026-07-09 02:41:51] Program finished.
[2026-07-09 02:45:09] Program started.
[2026-07-09 02:45:09] Topics to process: 1
[2026-07-09 02:45:09] Processing topic: Why BMW engines sound different in sport mode
[2026-07-09 02:45:09] Skipping topic because script already exists: Why BMW engines sound different in sport mode
[2026-07-09 02:45:09] Program finished.
[2026-07-09 02:49:55] Program started.
[2026-07-09 02:49:55] Topics to process: 1
[2026-07-09 02:49:55] Processing topic: Why BMW engines sound different in sport mode
[2026-07-09 02:49:55] Skipping topic because script already exists: Why BMW engines sound different in sport mode
[2026-07-09 02:49:55] Program finished.
[2026-07-09 02:51:33] Program started.
[2026-07-09 02:51:33] Topics to process: 1
[2026-07-09 02:51:33] Processing topic: Why BMW engines sound different in sport mode
[2026-07-09 02:51:36] Saved script: output\Why_BMW_engines_sound_different_in_sport_mode\script.txt
[2026-07-09 02:51:36] Saved metadata: output\Why_BMW_engines_sound_different_in_sport_mode\metadata.json
[2026-07-09 02:51:36] Copied script to approval: approval\Why_BMW_engines_sound_different_in_sport_mode\script.txt
[2026-07-09 02:51:36] Program finished.
[2026-07-09 02:54:46] Program started.
[2026-07-09 02:54:46] Topics to process: 1
[2026-07-09 02:54:46] Processing topic: Why BMW engines sound different in sport mode
[2026-07-09 02:54:49] Saved script: output\Why_BMW_engines_sound_different_in_sport_mode\script.txt
[2026-07-09 02:54:49] Saved metadata: output\Why_BMW_engines_sound_different_in_sport_mode\metadata.json
[2026-07-09 02:54:49] Copied script to approval: approval\Why_BMW_engines_sound_different_in_sport_mode\script.txt
[2026-07-09 02:54:49] Program finished.
[2026-07-09 12:57:24] Program started.
[2026-07-09 12:57:24] Topics to process: 1
[2026-07-09 12:57:24] Processing topic: Why BMW engines sound different in sport mode
[2026-07-09 12:57:28] Saved script: output\Why_BMW_engines_sound_different_in_sport_mode\script.txt
[2026-07-09 12:57:28] Saved metadata: output\Why_BMW_engines_sound_different_in_sport_mode\metadata.json
[2026-07-09 12:57:28] Copied script to approval: approval\Why_BMW_engines_sound_different_in_sport_mode\script.txt
[2026-07-09 12:57:28] Program finished.
[2026-07-09 13:25:46] Program started.
[2026-07-09 13:25:46] Topics to process: 1
[2026-07-09 13:25:46] Processing topic: Why BMW engines sound different in sport mode
[2026-07-09 13:25:46] Skipping topic because script already exists: Why BMW engines sound different in sport mode
[2026-07-09 13:25:46] Program finished.
[2026-07-09 13:27:01] Program started.
[2026-07-09 13:27:01] Topics to process: 1
[2026-07-09 13:27:01] Processing topic: Why BMW engines sound different in sport mode
[2026-07-09 13:27:07] Saved script: output\Why_BMW_engines_sound_different_in_sport_mode\script.txt
[2026-07-09 13:27:07] Saved metadata: output\Why_BMW_engines_sound_different_in_sport_mode\metadata.json
[2026-07-09 13:27:07] Copied script to approval: approval\Why_BMW_engines_sound_different_in_sport_mode\script.txt
[2026-07-09 13:27:07] Program finished.
[2026-07-09 13:27:55] Program started.
[2026-07-09 13:27:55] Topics to process: 1
[2026-07-09 13:27:55] Processing topic: Why BMW engines sound different in sport mode
[2026-07-09 13:27:55] Skipping topic because script already exists: Why BMW engines sound different in sport mode
[2026-07-09 13:27:55] Program finished.
[2026-07-09 13:37:48] Program started.
[2026-07-09 13:37:48] Topics to process: 1
[2026-07-09 13:37:48] Processing topic: Why BMW engines sound different in sport mode
[2026-07-09 13:37:48] Skipping topic because script already exists: Why BMW engines sound different in sport mode
[2026-07-09 13:37:48] Program finished.
[2026-07-09 13:38:18] Program started.
[2026-07-09 13:38:18] Topics to process: 1
[2026-07-09 13:38:18] Processing topic: Why cats stare at empty corners
[2026-07-09 13:38:21] Saved script: output\Why_cats_stare_at_empty_corners\script.txt
[2026-07-09 13:38:21] Saved metadata: output\Why_cats_stare_at_empty_corners\metadata.json
[2026-07-09 13:38:21] Copied script to approval: approval\Why_cats_stare_at_empty_corners\script.txt
[2026-07-09 13:38:21] Program finished.
[2026-07-09 13:41:15] Program started.
[2026-07-09 13:41:15] Topics to process: 10
[2026-07-09 13:41:15] Processing topic: Why cats stare at empty corners
[2026-07-09 13:41:15] Skipping topic because script already exists: Why cats stare at empty corners
[2026-07-09 13:41:15] Processing topic: Why BMW engines sound different in Sport mode
[2026-07-09 13:41:15] Skipping topic because script already exists: Why BMW engines sound different in Sport mode
[2026-07-09 13:41:15] Processing topic: 3 weird facts about crocodiles
[2026-07-09 13:41:17] Saved script: output\3_weird_facts_about_crocodiles\script.txt
[2026-07-09 13:41:17] Saved metadata: output\3_weird_facts_about_crocodiles\metadata.json
[2026-07-09 13:41:17] Copied script to approval: approval\3_weird_facts_about_crocodiles\script.txt
[2026-07-09 13:41:17] Processing topic: Why people get tonsil stones
[2026-07-09 13:41:20] Saved script: output\Why_people_get_tonsil_stones\script.txt
[2026-07-09 13:41:20] Saved metadata: output\Why_people_get_tonsil_stones\metadata.json
[2026-07-09 13:41:20] Copied script to approval: approval\Why_people_get_tonsil_stones\script.txt
[2026-07-09 13:41:20] Processing topic: Why your phone battery dies faster in winter
[2026-07-09 13:41:23] Saved script: output\Why_your_phone_battery_dies_faster_in_winter\script.txt
[2026-07-09 13:41:23] Saved metadata: output\Why_your_phone_battery_dies_faster_in_winter\metadata.json
[2026-07-09 13:41:23] Copied script to approval: approval\Why_your_phone_battery_dies_faster_in_winter\script.txt
[2026-07-09 13:41:23] Processing topic: Why spicy food makes your nose run
[2026-07-09 13:41:24] Saved script: output\Why_spicy_food_makes_your_nose_run\script.txt
[2026-07-09 13:41:24] Saved metadata: output\Why_spicy_food_makes_your_nose_run\metadata.json
[2026-07-09 13:41:24] Copied script to approval: approval\Why_spicy_food_makes_your_nose_run\script.txt
[2026-07-09 13:41:24] Processing topic: Why airplanes dim the cabin lights before landing
[2026-07-09 13:41:27] Saved script: output\Why_airplanes_dim_the_cabin_lights_before_landing\script.txt
[2026-07-09 13:41:27] Saved metadata: output\Why_airplanes_dim_the_cabin_lights_before_landing\metadata.json
[2026-07-09 13:41:27] Copied script to approval: approval\Why_airplanes_dim_the_cabin_lights_before_landing\script.txt
[2026-07-09 13:41:27] Processing topic: Why old video games feel harder than new ones
[2026-07-09 13:41:34] Saved script: output\Why_old_video_games_feel_harder_than_new_ones\script.txt
[2026-07-09 13:41:34] Saved metadata: output\Why_old_video_games_feel_harder_than_new_ones\metadata.json
[2026-07-09 13:41:34] Copied script to approval: approval\Why_old_video_games_feel_harder_than_new_ones\script.txt
[2026-07-09 13:41:34] Processing topic: Why energy drinks make you crash later
[2026-07-09 13:41:36] Saved script: output\Why_energy_drinks_make_you_crash_later\script.txt
[2026-07-09 13:41:36] Saved metadata: output\Why_energy_drinks_make_you_crash_later\metadata.json
[2026-07-09 13:41:36] Copied script to approval: approval\Why_energy_drinks_make_you_crash_later\script.txt
[2026-07-09 13:41:36] Processing topic: Why your car sounds different on cold starts
[2026-07-09 13:41:39] Saved script: output\Why_your_car_sounds_different_on_cold_starts\script.txt
[2026-07-09 13:41:39] Saved metadata: output\Why_your_car_sounds_different_on_cold_starts\metadata.json
[2026-07-09 13:41:39] Copied script to approval: approval\Why_your_car_sounds_different_on_cold_starts\script.txt
[2026-07-09 13:41:39] Program finished.
[2026-07-09 13:50:50] Program started.
[2026-07-09 13:50:50] Topics to process: 10
[2026-07-09 13:50:50] Processing topic: Why cats stare at empty corners
[2026-07-09 13:50:53] Saved script: output\Why_cats_stare_at_empty_corners\script.txt
[2026-07-09 13:50:53] Saved metadata: output\Why_cats_stare_at_empty_corners\metadata.json
[2026-07-09 13:50:53] Copied script to approval: approval\Why_cats_stare_at_empty_corners\script.txt
[2026-07-09 13:50:53] Processing topic: Why BMW engines sound different in Sport mode
[2026-07-09 13:50:56] Saved script: output\Why_BMW_engines_sound_different_in_Sport_mode\script.txt
[2026-07-09 13:50:56] Saved metadata: output\Why_BMW_engines_sound_different_in_Sport_mode\metadata.json
[2026-07-09 13:50:56] Copied script to approval: approval\Why_BMW_engines_sound_different_in_Sport_mode\script.txt
[2026-07-09 13:50:56] Processing topic: 3 weird facts about crocodiles
[2026-07-09 13:50:58] Saved script: output\3_weird_facts_about_crocodiles\script.txt
[2026-07-09 13:50:58] Saved metadata: output\3_weird_facts_about_crocodiles\metadata.json
[2026-07-09 13:50:58] Copied script to approval: approval\3_weird_facts_about_crocodiles\script.txt
[2026-07-09 13:50:58] Processing topic: Why people get tonsil stones
[2026-07-09 13:51:01] Saved script: output\Why_people_get_tonsil_stones\script.txt
[2026-07-09 13:51:01] Saved metadata: output\Why_people_get_tonsil_stones\metadata.json
[2026-07-09 13:51:01] Copied script to approval: approval\Why_people_get_tonsil_stones\script.txt
[2026-07-09 13:51:01] Processing topic: Why your phone battery dies faster in winter
[2026-07-09 13:51:03] Saved script: output\Why_your_phone_battery_dies_faster_in_winter\script.txt
[2026-07-09 13:51:03] Saved metadata: output\Why_your_phone_battery_dies_faster_in_winter\metadata.json
[2026-07-09 13:51:03] Copied script to approval: approval\Why_your_phone_battery_dies_faster_in_winter\script.txt
[2026-07-09 13:51:03] Processing topic: Why spicy food makes your nose run
[2026-07-09 13:51:06] Saved script: output\Why_spicy_food_makes_your_nose_run\script.txt
[2026-07-09 13:51:06] Saved metadata: output\Why_spicy_food_makes_your_nose_run\metadata.json
[2026-07-09 13:51:06] Copied script to approval: approval\Why_spicy_food_makes_your_nose_run\script.txt
[2026-07-09 13:51:06] Processing topic: Why airplanes dim the cabin lights before landing
[2026-07-09 13:51:08] Saved script: output\Why_airplanes_dim_the_cabin_lights_before_landing\script.txt
[2026-07-09 13:51:08] Saved metadata: output\Why_airplanes_dim_the_cabin_lights_before_landing\metadata.json
[2026-07-09 13:51:08] Copied script to approval: approval\Why_airplanes_dim_the_cabin_lights_before_landing\script.txt
[2026-07-09 13:51:08] Processing topic: Why old video games feel harder than new ones
[2026-07-09 13:51:09] Saved script: output\Why_old_video_games_feel_harder_than_new_ones\script.txt
[2026-07-09 13:51:09] Saved metadata: output\Why_old_video_games_feel_harder_than_new_ones\metadata.json
[2026-07-09 13:51:09] Copied script to approval: approval\Why_old_video_games_feel_harder_than_new_ones\script.txt
[2026-07-09 13:51:09] Processing topic: Why energy drinks make you crash later
[2026-07-09 13:51:12] Saved script: output\Why_energy_drinks_make_you_crash_later\script.txt
[2026-07-09 13:51:12] Saved metadata: output\Why_energy_drinks_make_you_crash_later\metadata.json
[2026-07-09 13:51:12] Copied script to approval: approval\Why_energy_drinks_make_you_crash_later\script.txt
[2026-07-09 13:51:12] Processing topic: Why your car sounds different on cold starts
[2026-07-09 13:51:14] Saved script: output\Why_your_car_sounds_different_on_cold_starts\script.txt
[2026-07-09 13:51:14] Saved metadata: output\Why_your_car_sounds_different_on_cold_starts\metadata.json
[2026-07-09 13:51:14] Copied script to approval: approval\Why_your_car_sounds_different_on_cold_starts\script.txt
[2026-07-09 13:51:14] Program finished.
[2026-07-09 14:05:41] Program started.
[2026-07-09 14:05:41] Topics to process: 10
[2026-07-09 14:05:41] Processing topic: Why cats stare at empty corners
[2026-07-09 14:05:41] Skipping topic because script already exists: Why cats stare at empty corners
[2026-07-09 14:05:41] Processing topic: Why BMW engines sound different in Sport mode
[2026-07-09 14:05:41] Skipping topic because script already exists: Why BMW engines sound different in Sport mode
[2026-07-09 14:05:41] Processing topic: 3 weird facts about crocodiles
[2026-07-09 14:05:41] Skipping topic because script already exists: 3 weird facts about crocodiles
[2026-07-09 14:05:41] Processing topic: Why people get tonsil stones
[2026-07-09 14:05:41] Skipping topic because script already exists: Why people get tonsil stones
[2026-07-09 14:05:41] Processing topic: Why your phone battery dies faster in winter
[2026-07-09 14:05:41] Skipping topic because script already exists: Why your phone battery dies faster in winter
[2026-07-09 14:05:41] Processing topic: Why spicy food makes your nose run
[2026-07-09 14:05:41] Skipping topic because script already exists: Why spicy food makes your nose run
[2026-07-09 14:05:41] Processing topic: Why airplanes dim the cabin lights before landing
[2026-07-09 14:05:41] Skipping topic because script already exists: Why airplanes dim the cabin lights before landing
[2026-07-09 14:05:41] Processing topic: Why old video games feel harder than new ones
[2026-07-09 14:05:41] Skipping topic because script already exists: Why old video games feel harder than new ones
[2026-07-09 14:05:41] Processing topic: Why energy drinks make you crash later
[2026-07-09 14:05:41] Skipping topic because script already exists: Why energy drinks make you crash later
[2026-07-09 14:05:41] Processing topic: Why your car sounds different on cold starts
[2026-07-09 14:05:41] Skipping topic because script already exists: Why your car sounds different on cold starts
[2026-07-09 14:05:41] Program finished.
[2026-07-09 14:21:01] Program started.
[2026-07-09 14:21:01] Topics to process: 10
[2026-07-09 14:21:01] Processing topic: Why cats stare at empty corners
[2026-07-09 14:21:01] Skipping topic because script already exists: Why cats stare at empty corners
[2026-07-09 14:21:01] Processing topic: Why BMW engines sound different in Sport mode
[2026-07-09 14:21:01] Skipping topic because script already exists: Why BMW engines sound different in Sport mode
[2026-07-09 14:21:01] Processing topic: 3 weird facts about crocodiles
[2026-07-09 14:21:01] Skipping topic because script already exists: 3 weird facts about crocodiles
[2026-07-09 14:21:01] Processing topic: Why people get tonsil stones
[2026-07-09 14:21:01] Skipping topic because script already exists: Why people get tonsil stones
[2026-07-09 14:21:01] Processing topic: Why your phone battery dies faster in winter
[2026-07-09 14:21:01] Skipping topic because script already exists: Why your phone battery dies faster in winter
[2026-07-09 14:21:01] Processing topic: Why spicy food makes your nose run
[2026-07-09 14:21:01] Skipping topic because script already exists: Why spicy food makes your nose run
[2026-07-09 14:21:01] Processing topic: Why airplanes dim the cabin lights before landing
[2026-07-09 14:21:01] Skipping topic because script already exists: Why airplanes dim the cabin lights before landing
[2026-07-09 14:21:01] Processing topic: Why old video games feel harder than new ones
[2026-07-09 14:21:01] Skipping topic because script already exists: Why old video games feel harder than new ones
[2026-07-09 14:21:01] Processing topic: Why energy drinks make you crash later
[2026-07-09 14:21:01] Skipping topic because script already exists: Why energy drinks make you crash later
[2026-07-09 14:21:01] Processing topic: Why your car sounds different on cold starts
[2026-07-09 14:21:01] Skipping topic because script already exists: Why your car sounds different on cold starts
[2026-07-09 14:21:01] Program finished.
[2026-07-09 14:33:34] Program started.
[2026-07-09 14:33:34] Topics to process: 10
[2026-07-09 14:33:34] Processing topic: Why cats stare at empty corners
[2026-07-09 14:33:34] Skipping topic because script already exists: Why cats stare at empty corners
[2026-07-09 14:33:34] Processing topic: Why BMW engines sound different in Sport mode
[2026-07-09 14:33:34] Skipping topic because script already exists: Why BMW engines sound different in Sport mode
[2026-07-09 14:33:34] Processing topic: 3 weird facts about crocodiles
[2026-07-09 14:33:34] Skipping topic because script already exists: 3 weird facts about crocodiles
[2026-07-09 14:33:34] Processing topic: Why people get tonsil stones
[2026-07-09 14:33:34] Skipping topic because script already exists: Why people get tonsil stones
[2026-07-09 14:33:34] Processing topic: Why your phone battery dies faster in winter
[2026-07-09 14:33:34] Skipping topic because script already exists: Why your phone battery dies faster in winter
[2026-07-09 14:33:34] Processing topic: Why spicy food makes your nose run
[2026-07-09 14:33:34] Skipping topic because script already exists: Why spicy food makes your nose run
[2026-07-09 14:33:34] Processing topic: Why airplanes dim the cabin lights before landing
[2026-07-09 14:33:34] Skipping topic because script already exists: Why airplanes dim the cabin lights before landing
[2026-07-09 14:33:34] Processing topic: Why old video games feel harder than new ones
[2026-07-09 14:33:34] Skipping topic because script already exists: Why old video games feel harder than new ones
[2026-07-09 14:33:34] Processing topic: Why energy drinks make you crash later
[2026-07-09 14:33:34] Skipping topic because script already exists: Why energy drinks make you crash later
[2026-07-09 14:33:34] Processing topic: Why your car sounds different on cold starts
[2026-07-09 14:33:34] Skipping topic because script already exists: Why your car sounds different on cold starts
[2026-07-09 14:33:34] Program finished.
[2026-07-09 15:30:36] Program started.
[2026-07-09 15:30:36] Topics to process: 10
[2026-07-09 15:30:36] Processing topic: Why cats stare at empty corners
[2026-07-09 15:30:36] Skipping topic because script already exists: Why cats stare at empty corners
[2026-07-09 15:30:36] Processing topic: Why BMW engines sound different in Sport mode
[2026-07-09 15:30:36] Skipping topic because script already exists: Why BMW engines sound different in Sport mode
[2026-07-09 15:30:36] Processing topic: 3 weird facts about crocodiles
[2026-07-09 15:30:36] Skipping topic because script already exists: 3 weird facts about crocodiles
[2026-07-09 15:30:36] Processing topic: Why people get tonsil stones
[2026-07-09 15:30:36] Skipping topic because script already exists: Why people get tonsil stones
[2026-07-09 15:30:36] Processing topic: Why your phone battery dies faster in winter
[2026-07-09 15:30:36] Skipping topic because script already exists: Why your phone battery dies faster in winter
[2026-07-09 15:30:36] Processing topic: Why spicy food makes your nose run
[2026-07-09 15:30:36] Skipping topic because script already exists: Why spicy food makes your nose run
[2026-07-09 15:30:36] Processing topic: Why airplanes dim the cabin lights before landing
[2026-07-09 15:30:36] Skipping topic because script already exists: Why airplanes dim the cabin lights before landing
[2026-07-09 15:30:36] Processing topic: Why old video games feel harder than new ones
[2026-07-09 15:30:36] Skipping topic because script already exists: Why old video games feel harder than new ones
[2026-07-09 15:30:36] Processing topic: Why energy drinks make you crash later
[2026-07-09 15:30:36] Skipping topic because script already exists: Why energy drinks make you crash later
[2026-07-09 15:30:36] Processing topic: Why your car sounds different on cold starts
[2026-07-09 15:30:36] Skipping topic because script already exists: Why your car sounds different on cold starts
[2026-07-09 15:30:36] Program finished.
